The system is: Linux - 4.9.137-0.1.ac.218.74.329.metal1.x86_64 - x86_64
Compiling the C compiler identification source file "CMakeCCompilerId.c" succeeded.
Compiler: /workplace/bowemi/LabDaemon/env/LabBuildToolDeps-1.0/runtime/bin/cc 
Build flags: 
Id flags:  

The output was:
0


Compilation of the C compiler identification source "CMakeCCompilerId.c" produced "a.out"

The C compiler identification is Clang, found in "/home/bowemi/.emacs.d/elpa/irony-20190125.1234/server/CMakeFiles/3.12.0/CompilerIdC/a.out"

Compiling the CXX compiler identification source file "CMakeCXXCompilerId.cpp" succeeded.
Compiler: /workplace/bowemi/LabDaemon/env/LabBuildToolDeps-1.0/runtime/bin/c++ 
Build flags: 
Id flags:  

The output was:
0


Compilation of the CXX compiler identification source "CMakeCXXCompilerId.cpp" produced "a.out"

The CXX compiler identification is Clang, found in "/home/bowemi/.emacs.d/elpa/irony-20190125.1234/server/CMakeFiles/3.12.0/CompilerIdCXX/a.out"

Determining if the C compiler works passed with the following output:
Change Dir: /home/bowemi/.emacs.d/elpa/irony-20190125.1234/server/CMakeFiles/CMakeTmp

Run Build Command:"/usr/bin/gmake" "cmTC_35a13/fast"
/usr/bin/gmake -f CMakeFiles/cmTC_35a13.dir/build.make CMakeFiles/cmTC_35a13.dir/build
gmake[1]: Entering directory `/local/home/bowemi/.emacs.d/elpa/irony-20190125.1234/server/CMakeFiles/CMakeTmp'
Building C object CMakeFiles/cmTC_35a13.dir/testCCompiler.c.o
/workplace/bowemi/LabDaemon/env/LabBuildToolDeps-1.0/runtime/bin/cc    -o CMakeFiles/cmTC_35a13.dir/testCCompiler.c.o   -c /home/bowemi/.emacs.d/elpa/irony-20190125.1234/server/CMakeFiles/CMakeTmp/testCCompiler.c
Linking C executable cmTC_35a13
/workplace/bowemi/LabDaemon/env/LabBuildToolDeps-1.0/runtime/bin/cmake -E cmake_link_script CMakeFiles/cmTC_35a13.dir/link.txt --verbose=1
/workplace/bowemi/LabDaemon/env/LabBuildToolDeps-1.0/runtime/bin/cc      -rdynamic CMakeFiles/cmTC_35a13.dir/testCCompiler.c.o  -o cmTC_35a13 
gmake[1]: Leaving directory `/local/home/bowemi/.emacs.d/elpa/irony-20190125.1234/server/CMakeFiles/CMakeTmp'


Detecting C compiler ABI info compiled with the following output:
Change Dir: /home/bowemi/.emacs.d/elpa/irony-20190125.1234/server/CMakeFiles/CMakeTmp

Run Build Command:"/usr/bin/gmake" "cmTC_12eb3/fast"
/usr/bin/gmake -f CMakeFiles/cmTC_12eb3.dir/build.make CMakeFiles/cmTC_12eb3.dir/build
gmake[1]: Entering directory `/local/home/bowemi/.emacs.d/elpa/irony-20190125.1234/server/CMakeFiles/CMakeTmp'
Building C object CMakeFiles/cmTC_12eb3.dir/CMakeCCompilerABI.c.o
/workplace/bowemi/LabDaemon/env/LabBuildToolDeps-1.0/runtime/bin/cc    -o CMakeFiles/cmTC_12eb3.dir/CMakeCCompilerABI.c.o   -c /workplace/bowemi/LabDaemon/env/LabBuildToolDeps-1.0/runtime/share/cmake-3.12/Modules/CMakeCCompilerABI.c
Linking C executable cmTC_12eb3
/workplace/bowemi/LabDaemon/env/LabBuildToolDeps-1.0/runtime/bin/cmake -E cmake_link_script CMakeFiles/cmTC_12eb3.dir/link.txt --verbose=1
/workplace/bowemi/LabDaemon/env/LabBuildToolDeps-1.0/runtime/bin/cc     -v -rdynamic CMakeFiles/cmTC_12eb3.dir/CMakeCCompilerABI.c.o  -o cmTC_12eb3 
clang version 7.0.1 (tags/RELEASE_701/final)
Target: x86_64-unknown-linux-gnu
Thread model: posix
InstalledDir: /workplace/bowemi/LabDaemon/env/LabBuildToolDeps-1.0/runtime/clang-7.0.1/bin
Found candidate GCC installation: /usr/lib/gcc/x86_64-amazon-linux/4.4.4
Found candidate GCC installation: /usr/lib/gcc/x86_64-amazon-linux/4.4.6
Found candidate GCC installation: /usr/lib/gcc/x86_64-amazon-linux/7
Selected GCC installation: /usr/lib/gcc/x86_64-amazon-linux/7
Candidate multilib: .;@m64
Selected multilib: .;@m64
 "/workplace/bowemi/LabDaemon/env/LabBuildToolDeps-1.0/runtime/clang-7.0.1/bin/ld.lld" -export-dynamic --hash-style=gnu --eh-frame-hdr -m elf_x86_64 -export-dynamic -dynamic-linker /lib64/ld-linux-x86-64.so.2 -o cmTC_12eb3 /usr/lib/gcc/x86_64-amazon-linux/7/../../../../lib64/crt1.o /usr/lib/gcc/x86_64-amazon-linux/7/../../../../lib64/crti.o /local/home/bowemi/brazil-pkg-cache/packages/Clang/Clang-7.x.354.0/AL2012/DEV.STD.PTHREAD/build/clang-7.0.1/lib/clang/7.0.1/crtbegin.o -L/usr/lib/gcc/x86_64-amazon-linux/7 -L/usr/lib/gcc/x86_64-amazon-linux/7/../../../../lib64 -L/lib/../lib64 -L/usr/lib/../lib64 -L/usr/lib/gcc/x86_64-amazon-linux/7/../../.. -L/local/home/bowemi/brazil-pkg-cache/packages/Clang/Clang-7.x.354.0/AL2012/DEV.STD.PTHREAD/build/clang-7.0.1/bin/../lib -L/lib -L/usr/lib CMakeFiles/cmTC_12eb3.dir/CMakeCCompilerABI.c.o /local/home/bowemi/brazil-pkg-cache/packages/Clang/Clang-7.x.354.0/AL2012/DEV.STD.PTHREAD/build/clang-7.0.1/lib/clang/7.0.1/lib/linux/libclang_rt.builtins-x86_64.a -lc /local/home/bowemi/brazil-pkg-cache/packages/Clang/Clang-7.x.354.0/AL2012/DEV.STD.PTHREAD/build/clang-7.0.1/lib/clang/7.0.1/lib/linux/libclang_rt.builtins-x86_64.a /local/home/bowemi/brazil-pkg-cache/packages/Clang/Clang-7.x.354.0/AL2012/DEV.STD.PTHREAD/build/clang-7.0.1/lib/clang/7.0.1/crtend.o /usr/lib/gcc/x86_64-amazon-linux/7/../../../../lib64/crtn.o
gmake[1]: Leaving directory `/local/home/bowemi/.emacs.d/elpa/irony-20190125.1234/server/CMakeFiles/CMakeTmp'


Parsed C implicit link information from above output:
  link line regex: [^( *|.*[/\])(ld|CMAKE_LINK_STARTFILE-NOTFOUND|([^/\]+-)?ld|collect2)[^/\]*( |$)]
  ignore line: [Change Dir: /home/bowemi/.emacs.d/elpa/irony-20190125.1234/server/CMakeFiles/CMakeTmp]
  ignore line: []
  ignore line: [Run Build Command:"/usr/bin/gmake" "cmTC_12eb3/fast"]
  ignore line: [/usr/bin/gmake -f CMakeFiles/cmTC_12eb3.dir/build.make CMakeFiles/cmTC_12eb3.dir/build]
  ignore line: [gmake[1]: Entering directory `/local/home/bowemi/.emacs.d/elpa/irony-20190125.1234/server/CMakeFiles/CMakeTmp']
  ignore line: [Building C object CMakeFiles/cmTC_12eb3.dir/CMakeCCompilerABI.c.o]
  ignore line: [/workplace/bowemi/LabDaemon/env/LabBuildToolDeps-1.0/runtime/bin/cc    -o CMakeFiles/cmTC_12eb3.dir/CMakeCCompilerABI.c.o   -c /workplace/bowemi/LabDaemon/env/LabBuildToolDeps-1.0/runtime/share/cmake-3.12/Modules/CMakeCCompilerABI.c]
  ignore line: [Linking C executable cmTC_12eb3]
  ignore line: [/workplace/bowemi/LabDaemon/env/LabBuildToolDeps-1.0/runtime/bin/cmake -E cmake_link_script CMakeFiles/cmTC_12eb3.dir/link.txt --verbose=1]
  ignore line: [/workplace/bowemi/LabDaemon/env/LabBuildToolDeps-1.0/runtime/bin/cc     -v -rdynamic CMakeFiles/cmTC_12eb3.dir/CMakeCCompilerABI.c.o  -o cmTC_12eb3 ]
  ignore line: [clang version 7.0.1 (tags/RELEASE_701/final)]
  ignore line: [Target: x86_64-unknown-linux-gnu]
  ignore line: [Thread model: posix]
  ignore line: [InstalledDir: /workplace/bowemi/LabDaemon/env/LabBuildToolDeps-1.0/runtime/clang-7.0.1/bin]
  ignore line: [Found candidate GCC installation: /usr/lib/gcc/x86_64-amazon-linux/4.4.4]
  ignore line: [Found candidate GCC installation: /usr/lib/gcc/x86_64-amazon-linux/4.4.6]
  ignore line: [Found candidate GCC installation: /usr/lib/gcc/x86_64-amazon-linux/7]
  ignore line: [Selected GCC installation: /usr/lib/gcc/x86_64-amazon-linux/7]
  ignore line: [Candidate multilib: .]
  ignore line: [@m64]
  ignore line: [Selected multilib: .]
  ignore line: [@m64]
  link line: [ "/workplace/bowemi/LabDaemon/env/LabBuildToolDeps-1.0/runtime/clang-7.0.1/bin/ld.lld" -export-dynamic --hash-style=gnu --eh-frame-hdr -m elf_x86_64 -export-dynamic -dynamic-linker /lib64/ld-linux-x86-64.so.2 -o cmTC_12eb3 /usr/lib/gcc/x86_64-amazon-linux/7/../../../../lib64/crt1.o /usr/lib/gcc/x86_64-amazon-linux/7/../../../../lib64/crti.o /local/home/bowemi/brazil-pkg-cache/packages/Clang/Clang-7.x.354.0/AL2012/DEV.STD.PTHREAD/build/clang-7.0.1/lib/clang/7.0.1/crtbegin.o -L/usr/lib/gcc/x86_64-amazon-linux/7 -L/usr/lib/gcc/x86_64-amazon-linux/7/../../../../lib64 -L/lib/../lib64 -L/usr/lib/../lib64 -L/usr/lib/gcc/x86_64-amazon-linux/7/../../.. -L/local/home/bowemi/brazil-pkg-cache/packages/Clang/Clang-7.x.354.0/AL2012/DEV.STD.PTHREAD/build/clang-7.0.1/bin/../lib -L/lib -L/usr/lib CMakeFiles/cmTC_12eb3.dir/CMakeCCompilerABI.c.o /local/home/bowemi/brazil-pkg-cache/packages/Clang/Clang-7.x.354.0/AL2012/DEV.STD.PTHREAD/build/clang-7.0.1/lib/clang/7.0.1/lib/linux/libclang_rt.builtins-x86_64.a -lc /local/home/bowemi/brazil-pkg-cache/packages/Clang/Clang-7.x.354.0/AL2012/DEV.STD.PTHREAD/build/clang-7.0.1/lib/clang/7.0.1/lib/linux/libclang_rt.builtins-x86_64.a /local/home/bowemi/brazil-pkg-cache/packages/Clang/Clang-7.x.354.0/AL2012/DEV.STD.PTHREAD/build/clang-7.0.1/lib/clang/7.0.1/crtend.o /usr/lib/gcc/x86_64-amazon-linux/7/../../../../lib64/crtn.o]
    arg [/workplace/bowemi/LabDaemon/env/LabBuildToolDeps-1.0/runtime/clang-7.0.1/bin/ld.lld] ==> ignore
    arg [-export-dynamic] ==> ignore
    arg [--hash-style=gnu] ==> ignore
    arg [--eh-frame-hdr] ==> ignore
    arg [-m] ==> ignore
    arg [elf_x86_64] ==> ignore
    arg [-export-dynamic] ==> ignore
    arg [-dynamic-linker] ==> ignore
    arg [/lib64/ld-linux-x86-64.so.2] ==> ignore
    arg [-o] ==> ignore
    arg [cmTC_12eb3] ==> ignore
    arg [/usr/lib/gcc/x86_64-amazon-linux/7/../../../../lib64/crt1.o] ==> ignore
    arg [/usr/lib/gcc/x86_64-amazon-linux/7/../../../../lib64/crti.o] ==> ignore
    arg [/local/home/bowemi/brazil-pkg-cache/packages/Clang/Clang-7.x.354.0/AL2012/DEV.STD.PTHREAD/build/clang-7.0.1/lib/clang/7.0.1/crtbegin.o] ==> ignore
    arg [-L/usr/lib/gcc/x86_64-amazon-linux/7] ==> dir [/usr/lib/gcc/x86_64-amazon-linux/7]
    arg [-L/usr/lib/gcc/x86_64-amazon-linux/7/../../../../lib64] ==> dir [/usr/lib/gcc/x86_64-amazon-linux/7/../../../../lib64]
    arg [-L/lib/../lib64] ==> dir [/lib/../lib64]
    arg [-L/usr/lib/../lib64] ==> dir [/usr/lib/../lib64]
    arg [-L/usr/lib/gcc/x86_64-amazon-linux/7/../../..] ==> dir [/usr/lib/gcc/x86_64-amazon-linux/7/../../..]
    arg [-L/local/home/bowemi/brazil-pkg-cache/packages/Clang/Clang-7.x.354.0/AL2012/DEV.STD.PTHREAD/build/clang-7.0.1/bin/../lib] ==> dir [/local/home/bowemi/brazil-pkg-cache/packages/Clang/Clang-7.x.354.0/AL2012/DEV.STD.PTHREAD/build/clang-7.0.1/bin/../lib]
    arg [-L/lib] ==> dir [/lib]
    arg [-L/usr/lib] ==> dir [/usr/lib]
    arg [CMakeFiles/cmTC_12eb3.dir/CMakeCCompilerABI.c.o] ==> ignore
    arg [/local/home/bowemi/brazil-pkg-cache/packages/Clang/Clang-7.x.354.0/AL2012/DEV.STD.PTHREAD/build/clang-7.0.1/lib/clang/7.0.1/lib/linux/libclang_rt.builtins-x86_64.a] ==> lib [/local/home/bowemi/brazil-pkg-cache/packages/Clang/Clang-7.x.354.0/AL2012/DEV.STD.PTHREAD/build/clang-7.0.1/lib/clang/7.0.1/lib/linux/libclang_rt.builtins-x86_64.a]
    arg [-lc] ==> lib [c]
    arg [/local/home/bowemi/brazil-pkg-cache/packages/Clang/Clang-7.x.354.0/AL2012/DEV.STD.PTHREAD/build/clang-7.0.1/lib/clang/7.0.1/lib/linux/libclang_rt.builtins-x86_64.a] ==> lib [/local/home/bowemi/brazil-pkg-cache/packages/Clang/Clang-7.x.354.0/AL2012/DEV.STD.PTHREAD/build/clang-7.0.1/lib/clang/7.0.1/lib/linux/libclang_rt.builtins-x86_64.a]
    arg [/local/home/bowemi/brazil-pkg-cache/packages/Clang/Clang-7.x.354.0/AL2012/DEV.STD.PTHREAD/build/clang-7.0.1/lib/clang/7.0.1/crtend.o] ==> ignore
    arg [/usr/lib/gcc/x86_64-amazon-linux/7/../../../../lib64/crtn.o] ==> ignore
  remove lib [/local/home/bowemi/brazil-pkg-cache/packages/Clang/Clang-7.x.354.0/AL2012/DEV.STD.PTHREAD/build/clang-7.0.1/lib/clang/7.0.1/lib/linux/libclang_rt.builtins-x86_64.a]
  remove lib [/local/home/bowemi/brazil-pkg-cache/packages/Clang/Clang-7.x.354.0/AL2012/DEV.STD.PTHREAD/build/clang-7.0.1/lib/clang/7.0.1/lib/linux/libclang_rt.builtins-x86_64.a]
  collapse library dir [/usr/lib/gcc/x86_64-amazon-linux/7] ==> [/usr/lib/gcc/x86_64-amazon-linux/7]
  collapse library dir [/usr/lib/gcc/x86_64-amazon-linux/7/../../../../lib64] ==> [/usr/lib64]
  collapse library dir [/lib/../lib64] ==> [/lib64]
  collapse library dir [/usr/lib/../lib64] ==> [/usr/lib64]
  collapse library dir [/usr/lib/gcc/x86_64-amazon-linux/7/../../..] ==> [/usr/lib]
  collapse library dir [/local/home/bowemi/brazil-pkg-cache/packages/Clang/Clang-7.x.354.0/AL2012/DEV.STD.PTHREAD/build/clang-7.0.1/bin/../lib] ==> [/home/bowemi/brazil-pkg-cache/packages/Clang/Clang-7.x.354.0/AL2012/DEV.STD.PTHREAD/build/clang-7.0.1/lib]
  collapse library dir [/lib] ==> [/lib]
  collapse library dir [/usr/lib] ==> [/usr/lib]
  implicit libs: [c]
  implicit dirs: [/usr/lib/gcc/x86_64-amazon-linux/7;/usr/lib64;/lib64;/usr/lib;/home/bowemi/brazil-pkg-cache/packages/Clang/Clang-7.x.354.0/AL2012/DEV.STD.PTHREAD/build/clang-7.0.1/lib;/lib]
  implicit fwks: []


The system is: Linux - 4.9.137-0.1.ac.218.74.329.metal1.x86_64 - x86_64
Compiling the C compiler identification source file "CMakeCCompilerId.c" succeeded.
Compiler: /workplace/bowemi/LabDaemon/env/LabBuildToolDeps-1.0/runtime/bin/cc 
Build flags: 
Id flags:  

The output was:
0


Compilation of the C compiler identification source "CMakeCCompilerId.c" produced "a.out"

The C compiler identification is Clang, found in "/home/bowemi/.emacs.d/elpa/irony-20190125.1234/server/CMakeFiles/3.12.0/CompilerIdC/a.out"

Compiling the CXX compiler identification source file "CMakeCXXCompilerId.cpp" succeeded.
Compiler: /workplace/bowemi/LabDaemon/env/LabBuildToolDeps-1.0/runtime/bin/c++ 
Build flags: 
Id flags:  

The output was:
0


Compilation of the CXX compiler identification source "CMakeCXXCompilerId.cpp" produced "a.out"

The CXX compiler identification is Clang, found in "/home/bowemi/.emacs.d/elpa/irony-20190125.1234/server/CMakeFiles/3.12.0/CompilerIdCXX/a.out"

Determining if the C compiler works passed with the following output:
Change Dir: /home/bowemi/.emacs.d/elpa/irony-20190125.1234/server/CMakeFiles/CMakeTmp

Run Build Command:"/usr/bin/gmake" "cmTC_acd55/fast"
/usr/bin/gmake -f CMakeFiles/cmTC_acd55.dir/build.make CMakeFiles/cmTC_acd55.dir/build
gmake[1]: Entering directory `/local/home/bowemi/.emacs.d/elpa/irony-20190125.1234/server/CMakeFiles/CMakeTmp'
Building C object CMakeFiles/cmTC_acd55.dir/testCCompiler.c.o
/workplace/bowemi/LabDaemon/env/LabBuildToolDeps-1.0/runtime/bin/cc    -o CMakeFiles/cmTC_acd55.dir/testCCompiler.c.o   -c /home/bowemi/.emacs.d/elpa/irony-20190125.1234/server/CMakeFiles/CMakeTmp/testCCompiler.c
Linking C executable cmTC_acd55
/workplace/bowemi/LabDaemon/env/LabBuildToolDeps-1.0/runtime/bin/cmake -E cmake_link_script CMakeFiles/cmTC_acd55.dir/link.txt --verbose=1
/workplace/bowemi/LabDaemon/env/LabBuildToolDeps-1.0/runtime/bin/cc      -rdynamic CMakeFiles/cmTC_acd55.dir/testCCompiler.c.o  -o cmTC_acd55 
gmake[1]: Leaving directory `/local/home/bowemi/.emacs.d/elpa/irony-20190125.1234/server/CMakeFiles/CMakeTmp'


Detecting C compiler ABI info compiled with the following output:
Change Dir: /home/bowemi/.emacs.d/elpa/irony-20190125.1234/server/CMakeFiles/CMakeTmp

Run Build Command:"/usr/bin/gmake" "cmTC_f2844/fast"
/usr/bin/gmake -f CMakeFiles/cmTC_f2844.dir/build.make CMakeFiles/cmTC_f2844.dir/build
gmake[1]: Entering directory `/local/home/bowemi/.emacs.d/elpa/irony-20190125.1234/server/CMakeFiles/CMakeTmp'
Building C object CMakeFiles/cmTC_f2844.dir/CMakeCCompilerABI.c.o
/workplace/bowemi/LabDaemon/env/LabBuildToolDeps-1.0/runtime/bin/cc    -o CMakeFiles/cmTC_f2844.dir/CMakeCCompilerABI.c.o   -c /workplace/bowemi/LabDaemon/env/LabBuildToolDeps-1.0/runtime/share/cmake-3.12/Modules/CMakeCCompilerABI.c
Linking C executable cmTC_f2844
/workplace/bowemi/LabDaemon/env/LabBuildToolDeps-1.0/runtime/bin/cmake -E cmake_link_script CMakeFiles/cmTC_f2844.dir/link.txt --verbose=1
/workplace/bowemi/LabDaemon/env/LabBuildToolDeps-1.0/runtime/bin/cc     -v -rdynamic CMakeFiles/cmTC_f2844.dir/CMakeCCompilerABI.c.o  -o cmTC_f2844 
clang version 7.0.1 (tags/RELEASE_701/final)
Target: x86_64-unknown-linux-gnu
Thread model: posix
InstalledDir: /workplace/bowemi/LabDaemon/env/LabBuildToolDeps-1.0/runtime/clang-7.0.1/bin
Found candidate GCC installation: /usr/lib/gcc/x86_64-amazon-linux/4.4.4
Found candidate GCC installation: /usr/lib/gcc/x86_64-amazon-linux/4.4.6
Found candidate GCC installation: /usr/lib/gcc/x86_64-amazon-linux/7
Selected GCC installation: /usr/lib/gcc/x86_64-amazon-linux/7
Candidate multilib: .;@m64
Selected multilib: .;@m64
 "/workplace/bowemi/LabDaemon/env/LabBuildToolDeps-1.0/runtime/clang-7.0.1/bin/ld.lld" -export-dynamic --hash-style=gnu --eh-frame-hdr -m elf_x86_64 -export-dynamic -dynamic-linker /lib64/ld-linux-x86-64.so.2 -o cmTC_f2844 /usr/lib/gcc/x86_64-amazon-linux/7/../../../../lib64/crt1.o /usr/lib/gcc/x86_64-amazon-linux/7/../../../../lib64/crti.o /local/home/bowemi/brazil-pkg-cache/packages/Clang/Clang-7.x.354.0/AL2012/DEV.STD.PTHREAD/build/clang-7.0.1/lib/clang/7.0.1/crtbegin.o -L/usr/lib/gcc/x86_64-amazon-linux/7 -L/usr/lib/gcc/x86_64-amazon-linux/7/../../../../lib64 -L/lib/../lib64 -L/usr/lib/../lib64 -L/usr/lib/gcc/x86_64-amazon-linux/7/../../.. -L/local/home/bowemi/brazil-pkg-cache/packages/Clang/Clang-7.x.354.0/AL2012/DEV.STD.PTHREAD/build/clang-7.0.1/bin/../lib -L/lib -L/usr/lib CMakeFiles/cmTC_f2844.dir/CMakeCCompilerABI.c.o /local/home/bowemi/brazil-pkg-cache/packages/Clang/Clang-7.x.354.0/AL2012/DEV.STD.PTHREAD/build/clang-7.0.1/lib/clang/7.0.1/lib/linux/libclang_rt.builtins-x86_64.a -lc /local/home/bowemi/brazil-pkg-cache/packages/Clang/Clang-7.x.354.0/AL2012/DEV.STD.PTHREAD/build/clang-7.0.1/lib/clang/7.0.1/lib/linux/libclang_rt.builtins-x86_64.a /local/home/bowemi/brazil-pkg-cache/packages/Clang/Clang-7.x.354.0/AL2012/DEV.STD.PTHREAD/build/clang-7.0.1/lib/clang/7.0.1/crtend.o /usr/lib/gcc/x86_64-amazon-linux/7/../../../../lib64/crtn.o
gmake[1]: Leaving directory `/local/home/bowemi/.emacs.d/elpa/irony-20190125.1234/server/CMakeFiles/CMakeTmp'


Parsed C implicit link information from above output:
  link line regex: [^( *|.*[/\])(ld|CMAKE_LINK_STARTFILE-NOTFOUND|([^/\]+-)?ld|collect2)[^/\]*( |$)]
  ignore line: [Change Dir: /home/bowemi/.emacs.d/elpa/irony-20190125.1234/server/CMakeFiles/CMakeTmp]
  ignore line: []
  ignore line: [Run Build Command:"/usr/bin/gmake" "cmTC_f2844/fast"]
  ignore line: [/usr/bin/gmake -f CMakeFiles/cmTC_f2844.dir/build.make CMakeFiles/cmTC_f2844.dir/build]
  ignore line: [gmake[1]: Entering directory `/local/home/bowemi/.emacs.d/elpa/irony-20190125.1234/server/CMakeFiles/CMakeTmp']
  ignore line: [Building C object CMakeFiles/cmTC_f2844.dir/CMakeCCompilerABI.c.o]
  ignore line: [/workplace/bowemi/LabDaemon/env/LabBuildToolDeps-1.0/runtime/bin/cc    -o CMakeFiles/cmTC_f2844.dir/CMakeCCompilerABI.c.o   -c /workplace/bowemi/LabDaemon/env/LabBuildToolDeps-1.0/runtime/share/cmake-3.12/Modules/CMakeCCompilerABI.c]
  ignore line: [Linking C executable cmTC_f2844]
  ignore line: [/workplace/bowemi/LabDaemon/env/LabBuildToolDeps-1.0/runtime/bin/cmake -E cmake_link_script CMakeFiles/cmTC_f2844.dir/link.txt --verbose=1]
  ignore line: [/workplace/bowemi/LabDaemon/env/LabBuildToolDeps-1.0/runtime/bin/cc     -v -rdynamic CMakeFiles/cmTC_f2844.dir/CMakeCCompilerABI.c.o  -o cmTC_f2844 ]
  ignore line: [clang version 7.0.1 (tags/RELEASE_701/final)]
  ignore line: [Target: x86_64-unknown-linux-gnu]
  ignore line: [Thread model: posix]
  ignore line: [InstalledDir: /workplace/bowemi/LabDaemon/env/LabBuildToolDeps-1.0/runtime/clang-7.0.1/bin]
  ignore line: [Found candidate GCC installation: /usr/lib/gcc/x86_64-amazon-linux/4.4.4]
  ignore line: [Found candidate GCC installation: /usr/lib/gcc/x86_64-amazon-linux/4.4.6]
  ignore line: [Found candidate GCC installation: /usr/lib/gcc/x86_64-amazon-linux/7]
  ignore line: [Selected GCC installation: /usr/lib/gcc/x86_64-amazon-linux/7]
  ignore line: [Candidate multilib: .]
  ignore line: [@m64]
  ignore line: [Selected multilib: .]
  ignore line: [@m64]
  link line: [ "/workplace/bowemi/LabDaemon/env/LabBuildToolDeps-1.0/runtime/clang-7.0.1/bin/ld.lld" -export-dynamic --hash-style=gnu --eh-frame-hdr -m elf_x86_64 -export-dynamic -dynamic-linker /lib64/ld-linux-x86-64.so.2 -o cmTC_f2844 /usr/lib/gcc/x86_64-amazon-linux/7/../../../../lib64/crt1.o /usr/lib/gcc/x86_64-amazon-linux/7/../../../../lib64/crti.o /local/home/bowemi/brazil-pkg-cache/packages/Clang/Clang-7.x.354.0/AL2012/DEV.STD.PTHREAD/build/clang-7.0.1/lib/clang/7.0.1/crtbegin.o -L/usr/lib/gcc/x86_64-amazon-linux/7 -L/usr/lib/gcc/x86_64-amazon-linux/7/../../../../lib64 -L/lib/../lib64 -L/usr/lib/../lib64 -L/usr/lib/gcc/x86_64-amazon-linux/7/../../.. -L/local/home/bowemi/brazil-pkg-cache/packages/Clang/Clang-7.x.354.0/AL2012/DEV.STD.PTHREAD/build/clang-7.0.1/bin/../lib -L/lib -L/usr/lib CMakeFiles/cmTC_f2844.dir/CMakeCCompilerABI.c.o /local/home/bowemi/brazil-pkg-cache/packages/Clang/Clang-7.x.354.0/AL2012/DEV.STD.PTHREAD/build/clang-7.0.1/lib/clang/7.0.1/lib/linux/libclang_rt.builtins-x86_64.a -lc /local/home/bowemi/brazil-pkg-cache/packages/Clang/Clang-7.x.354.0/AL2012/DEV.STD.PTHREAD/build/clang-7.0.1/lib/clang/7.0.1/lib/linux/libclang_rt.builtins-x86_64.a /local/home/bowemi/brazil-pkg-cache/packages/Clang/Clang-7.x.354.0/AL2012/DEV.STD.PTHREAD/build/clang-7.0.1/lib/clang/7.0.1/crtend.o /usr/lib/gcc/x86_64-amazon-linux/7/../../../../lib64/crtn.o]
    arg [/workplace/bowemi/LabDaemon/env/LabBuildToolDeps-1.0/runtime/clang-7.0.1/bin/ld.lld] ==> ignore
    arg [-export-dynamic] ==> ignore
    arg [--hash-style=gnu] ==> ignore
    arg [--eh-frame-hdr] ==> ignore
    arg [-m] ==> ignore
    arg [elf_x86_64] ==> ignore
    arg [-export-dynamic] ==> ignore
    arg [-dynamic-linker] ==> ignore
    arg [/lib64/ld-linux-x86-64.so.2] ==> ignore
    arg [-o] ==> ignore
    arg [cmTC_f2844] ==> ignore
    arg [/usr/lib/gcc/x86_64-amazon-linux/7/../../../../lib64/crt1.o] ==> ignore
    arg [/usr/lib/gcc/x86_64-amazon-linux/7/../../../../lib64/crti.o] ==> ignore
    arg [/local/home/bowemi/brazil-pkg-cache/packages/Clang/Clang-7.x.354.0/AL2012/DEV.STD.PTHREAD/build/clang-7.0.1/lib/clang/7.0.1/crtbegin.o] ==> ignore
    arg [-L/usr/lib/gcc/x86_64-amazon-linux/7] ==> dir [/usr/lib/gcc/x86_64-amazon-linux/7]
    arg [-L/usr/lib/gcc/x86_64-amazon-linux/7/../../../../lib64] ==> dir [/usr/lib/gcc/x86_64-amazon-linux/7/../../../../lib64]
    arg [-L/lib/../lib64] ==> dir [/lib/../lib64]
    arg [-L/usr/lib/../lib64] ==> dir [/usr/lib/../lib64]
    arg [-L/usr/lib/gcc/x86_64-amazon-linux/7/../../..] ==> dir [/usr/lib/gcc/x86_64-amazon-linux/7/../../..]
    arg [-L/local/home/bowemi/brazil-pkg-cache/packages/Clang/Clang-7.x.354.0/AL2012/DEV.STD.PTHREAD/build/clang-7.0.1/bin/../lib] ==> dir [/local/home/bowemi/brazil-pkg-cache/packages/Clang/Clang-7.x.354.0/AL2012/DEV.STD.PTHREAD/build/clang-7.0.1/bin/../lib]
    arg [-L/lib] ==> dir [/lib]
    arg [-L/usr/lib] ==> dir [/usr/lib]
    arg [CMakeFiles/cmTC_f2844.dir/CMakeCCompilerABI.c.o] ==> ignore
    arg [/local/home/bowemi/brazil-pkg-cache/packages/Clang/Clang-7.x.354.0/AL2012/DEV.STD.PTHREAD/build/clang-7.0.1/lib/clang/7.0.1/lib/linux/libclang_rt.builtins-x86_64.a] ==> lib [/local/home/bowemi/brazil-pkg-cache/packages/Clang/Clang-7.x.354.0/AL2012/DEV.STD.PTHREAD/build/clang-7.0.1/lib/clang/7.0.1/lib/linux/libclang_rt.builtins-x86_64.a]
    arg [-lc] ==> lib [c]
    arg [/local/home/bowemi/brazil-pkg-cache/packages/Clang/Clang-7.x.354.0/AL2012/DEV.STD.PTHREAD/build/clang-7.0.1/lib/clang/7.0.1/lib/linux/libclang_rt.builtins-x86_64.a] ==> lib [/local/home/bowemi/brazil-pkg-cache/packages/Clang/Clang-7.x.354.0/AL2012/DEV.STD.PTHREAD/build/clang-7.0.1/lib/clang/7.0.1/lib/linux/libclang_rt.builtins-x86_64.a]
    arg [/local/home/bowemi/brazil-pkg-cache/packages/Clang/Clang-7.x.354.0/AL2012/DEV.STD.PTHREAD/build/clang-7.0.1/lib/clang/7.0.1/crtend.o] ==> ignore
    arg [/usr/lib/gcc/x86_64-amazon-linux/7/../../../../lib64/crtn.o] ==> ignore
  remove lib [/local/home/bowemi/brazil-pkg-cache/packages/Clang/Clang-7.x.354.0/AL2012/DEV.STD.PTHREAD/build/clang-7.0.1/lib/clang/7.0.1/lib/linux/libclang_rt.builtins-x86_64.a]
  remove lib [/local/home/bowemi/brazil-pkg-cache/packages/Clang/Clang-7.x.354.0/AL2012/DEV.STD.PTHREAD/build/clang-7.0.1/lib/clang/7.0.1/lib/linux/libclang_rt.builtins-x86_64.a]
  collapse library dir [/usr/lib/gcc/x86_64-amazon-linux/7] ==> [/usr/lib/gcc/x86_64-amazon-linux/7]
  collapse library dir [/usr/lib/gcc/x86_64-amazon-linux/7/../../../../lib64] ==> [/usr/lib64]
  collapse library dir [/lib/../lib64] ==> [/lib64]
  collapse library dir [/usr/lib/../lib64] ==> [/usr/lib64]
  collapse library dir [/usr/lib/gcc/x86_64-amazon-linux/7/../../..] ==> [/usr/lib]
  collapse library dir [/local/home/bowemi/brazil-pkg-cache/packages/Clang/Clang-7.x.354.0/AL2012/DEV.STD.PTHREAD/build/clang-7.0.1/bin/../lib] ==> [/home/bowemi/brazil-pkg-cache/packages/Clang/Clang-7.x.354.0/AL2012/DEV.STD.PTHREAD/build/clang-7.0.1/lib]
  collapse library dir [/lib] ==> [/lib]
  collapse library dir [/usr/lib] ==> [/usr/lib]
  implicit libs: [c]
  implicit dirs: [/usr/lib/gcc/x86_64-amazon-linux/7;/usr/lib64;/lib64;/usr/lib;/home/bowemi/brazil-pkg-cache/packages/Clang/Clang-7.x.354.0/AL2012/DEV.STD.PTHREAD/build/clang-7.0.1/lib;/lib]
  implicit fwks: []




Detecting C [-std=c11] compiler features compiled with the following output:
Change Dir: /home/bowemi/.emacs.d/elpa/irony-20190125.1234/server/CMakeFiles/CMakeTmp

Run Build Command:"/usr/bin/gmake" "cmTC_d1166/fast"
/usr/bin/gmake -f CMakeFiles/cmTC_d1166.dir/build.make CMakeFiles/cmTC_d1166.dir/build
gmake[1]: Entering directory `/local/home/bowemi/.emacs.d/elpa/irony-20190125.1234/server/CMakeFiles/CMakeTmp'
Building C object CMakeFiles/cmTC_d1166.dir/feature_tests.c.o
/workplace/bowemi/LabDaemon/env/LabBuildToolDeps-1.0/runtime/bin/cc   -std=c11 -o CMakeFiles/cmTC_d1166.dir/feature_tests.c.o   -c /home/bowemi/.emacs.d/elpa/irony-20190125.1234/server/CMakeFiles/feature_tests.c
Linking C executable cmTC_d1166
/workplace/bowemi/LabDaemon/env/LabBuildToolDeps-1.0/runtime/bin/cmake -E cmake_link_script CMakeFiles/cmTC_d1166.dir/link.txt --verbose=1
/workplace/bowemi/LabDaemon/env/LabBuildToolDeps-1.0/runtime/bin/cc      -rdynamic CMakeFiles/cmTC_d1166.dir/feature_tests.c.o  -o cmTC_d1166 
gmake[1]: Leaving directory `/local/home/bowemi/.emacs.d/elpa/irony-20190125.1234/server/CMakeFiles/CMakeTmp'


    Feature record: C_FEATURE:1c_function_prototypes
    Feature record: C_FEATURE:1c_restrict
    Feature record: C_FEATURE:1c_static_assert
    Feature record: C_FEATURE:1c_variadic_macros


Detecting C [-std=c99] compiler features compiled with the following output:
Change Dir: /home/bowemi/.emacs.d/elpa/irony-20190125.1234/server/CMakeFiles/CMakeTmp

Run Build Command:"/usr/bin/gmake" "cmTC_21baa/fast"
/usr/bin/gmake -f CMakeFiles/cmTC_21baa.dir/build.make CMakeFiles/cmTC_21baa.dir/build
gmake[1]: Entering directory `/local/home/bowemi/.emacs.d/elpa/irony-20190125.1234/server/CMakeFiles/CMakeTmp'
Building C object CMakeFiles/cmTC_21baa.dir/feature_tests.c.o
/workplace/bowemi/LabDaemon/env/LabBuildToolDeps-1.0/runtime/bin/cc   -std=c99 -o CMakeFiles/cmTC_21baa.dir/feature_tests.c.o   -c /home/bowemi/.emacs.d/elpa/irony-20190125.1234/server/CMakeFiles/feature_tests.c
Linking C executable cmTC_21baa
/workplace/bowemi/LabDaemon/env/LabBuildToolDeps-1.0/runtime/bin/cmake -E cmake_link_script CMakeFiles/cmTC_21baa.dir/link.txt --verbose=1
/workplace/bowemi/LabDaemon/env/LabBuildToolDeps-1.0/runtime/bin/cc      -rdynamic CMakeFiles/cmTC_21baa.dir/feature_tests.c.o  -o cmTC_21baa 
gmake[1]: Leaving directory `/local/home/bowemi/.emacs.d/elpa/irony-20190125.1234/server/CMakeFiles/CMakeTmp'


    Feature record: C_FEATURE:1c_function_prototypes
    Feature record: C_FEATURE:1c_restrict
    Feature record: C_FEATURE:0c_static_assert
    Feature record: C_FEATURE:1c_variadic_macros


Detecting C [-std=c90] compiler features compiled with the following output:
Change Dir: /home/bowemi/.emacs.d/elpa/irony-20190125.1234/server/CMakeFiles/CMakeTmp

Run Build Command:"/usr/bin/gmake" "cmTC_239d7/fast"
/usr/bin/gmake -f CMakeFiles/cmTC_239d7.dir/build.make CMakeFiles/cmTC_239d7.dir/build
gmake[1]: Entering directory `/local/home/bowemi/.emacs.d/elpa/irony-20190125.1234/server/CMakeFiles/CMakeTmp'
Building C object CMakeFiles/cmTC_239d7.dir/feature_tests.c.o
/workplace/bowemi/LabDaemon/env/LabBuildToolDeps-1.0/runtime/bin/cc   -std=c90 -o CMakeFiles/cmTC_239d7.dir/feature_tests.c.o   -c /home/bowemi/.emacs.d/elpa/irony-20190125.1234/server/CMakeFiles/feature_tests.c
Linking C executable cmTC_239d7
/workplace/bowemi/LabDaemon/env/LabBuildToolDeps-1.0/runtime/bin/cmake -E cmake_link_script CMakeFiles/cmTC_239d7.dir/link.txt --verbose=1
/workplace/bowemi/LabDaemon/env/LabBuildToolDeps-1.0/runtime/bin/cc      -rdynamic CMakeFiles/cmTC_239d7.dir/feature_tests.c.o  -o cmTC_239d7 
gmake[1]: Leaving directory `/local/home/bowemi/.emacs.d/elpa/irony-20190125.1234/server/CMakeFiles/CMakeTmp'


    Feature record: C_FEATURE:1c_function_prototypes
    Feature record: C_FEATURE:0c_restrict
    Feature record: C_FEATURE:0c_static_assert
    Feature record: C_FEATURE:0c_variadic_macros
Determining if the CXX compiler works passed with the following output:
Change Dir: /home/bowemi/.emacs.d/elpa/irony-20190125.1234/server/CMakeFiles/CMakeTmp

Run Build Command:"/usr/bin/gmake" "cmTC_f8584/fast"
/usr/bin/gmake -f CMakeFiles/cmTC_f8584.dir/build.make CMakeFiles/cmTC_f8584.dir/build
gmake[1]: Entering directory `/local/home/bowemi/.emacs.d/elpa/irony-20190125.1234/server/CMakeFiles/CMakeTmp'
Building CXX object CMakeFiles/cmTC_f8584.dir/testCXXCompiler.cxx.o
/workplace/bowemi/LabDaemon/env/LabBuildToolDeps-1.0/runtime/bin/c++     -o CMakeFiles/cmTC_f8584.dir/testCXXCompiler.cxx.o -c /home/bowemi/.emacs.d/elpa/irony-20190125.1234/server/CMakeFiles/CMakeTmp/testCXXCompiler.cxx
Linking CXX executable cmTC_f8584
/workplace/bowemi/LabDaemon/env/LabBuildToolDeps-1.0/runtime/bin/cmake -E cmake_link_script CMakeFiles/cmTC_f8584.dir/link.txt --verbose=1
/workplace/bowemi/LabDaemon/env/LabBuildToolDeps-1.0/runtime/bin/c++       -rdynamic CMakeFiles/cmTC_f8584.dir/testCXXCompiler.cxx.o  -o cmTC_f8584 
gmake[1]: Leaving directory `/local/home/bowemi/.emacs.d/elpa/irony-20190125.1234/server/CMakeFiles/CMakeTmp'


Detecting CXX compiler ABI info compiled with the following output:
Change Dir: /home/bowemi/.emacs.d/elpa/irony-20190125.1234/server/CMakeFiles/CMakeTmp

Run Build Command:"/usr/bin/gmake" "cmTC_7a0e8/fast"
/usr/bin/gmake -f CMakeFiles/cmTC_7a0e8.dir/build.make CMakeFiles/cmTC_7a0e8.dir/build
gmake[1]: Entering directory `/local/home/bowemi/.emacs.d/elpa/irony-20190125.1234/server/CMakeFiles/CMakeTmp'
Building CXX object CMakeFiles/cmTC_7a0e8.dir/CMakeCXXCompilerABI.cpp.o
/workplace/bowemi/LabDaemon/env/LabBuildToolDeps-1.0/runtime/bin/c++     -o CMakeFiles/cmTC_7a0e8.dir/CMakeCXXCompilerABI.cpp.o -c /workplace/bowemi/LabDaemon/env/LabBuildToolDeps-1.0/runtime/share/cmake-3.12/Modules/CMakeCXXCompilerABI.cpp
Linking CXX executable cmTC_7a0e8
/workplace/bowemi/LabDaemon/env/LabBuildToolDeps-1.0/runtime/bin/cmake -E cmake_link_script CMakeFiles/cmTC_7a0e8.dir/link.txt --verbose=1
/workplace/bowemi/LabDaemon/env/LabBuildToolDeps-1.0/runtime/bin/c++      -v -rdynamic CMakeFiles/cmTC_7a0e8.dir/CMakeCXXCompilerABI.cpp.o  -o cmTC_7a0e8 
clang version 7.0.1 (tags/RELEASE_701/final)
Target: x86_64-unknown-linux-gnu
Thread model: posix
InstalledDir: /workplace/bowemi/LabDaemon/env/LabBuildToolDeps-1.0/runtime/clang-7.0.1/bin
Found candidate GCC installation: /usr/lib/gcc/x86_64-amazon-linux/4.4.4
Found candidate GCC installation: /usr/lib/gcc/x86_64-amazon-linux/4.4.6
Found candidate GCC installation: /usr/lib/gcc/x86_64-amazon-linux/7
Selected GCC installation: /usr/lib/gcc/x86_64-amazon-linux/7
Candidate multilib: .;@m64
Selected multilib: .;@m64
 "/workplace/bowemi/LabDaemon/env/LabBuildToolDeps-1.0/runtime/clang-7.0.1/bin/ld.lld" -export-dynamic --hash-style=gnu --eh-frame-hdr -m elf_x86_64 -export-dynamic -dynamic-linker /lib64/ld-linux-x86-64.so.2 -o cmTC_7a0e8 /usr/lib/gcc/x86_64-amazon-linux/7/../../../../lib64/crt1.o /usr/lib/gcc/x86_64-amazon-linux/7/../../../../lib64/crti.o /local/home/bowemi/brazil-pkg-cache/packages/Clang/Clang-7.x.354.0/AL2012/DEV.STD.PTHREAD/build/clang-7.0.1/lib/clang/7.0.1/crtbegin.o -L/usr/lib/gcc/x86_64-amazon-linux/7 -L/usr/lib/gcc/x86_64-amazon-linux/7/../../../../lib64 -L/lib/../lib64 -L/usr/lib/../lib64 -L/usr/lib/gcc/x86_64-amazon-linux/7/../../.. -L/local/home/bowemi/brazil-pkg-cache/packages/Clang/Clang-7.x.354.0/AL2012/DEV.STD.PTHREAD/build/clang-7.0.1/bin/../lib -L/lib -L/usr/lib CMakeFiles/cmTC_7a0e8.dir/CMakeCXXCompilerABI.cpp.o -lc++ -lm /local/home/bowemi/brazil-pkg-cache/packages/Clang/Clang-7.x.354.0/AL2012/DEV.STD.PTHREAD/build/clang-7.0.1/lib/clang/7.0.1/lib/linux/libclang_rt.builtins-x86_64.a -lc /local/home/bowemi/brazil-pkg-cache/packages/Clang/Clang-7.x.354.0/AL2012/DEV.STD.PTHREAD/build/clang-7.0.1/lib/clang/7.0.1/lib/linux/libclang_rt.builtins-x86_64.a /local/home/bowemi/brazil-pkg-cache/packages/Clang/Clang-7.x.354.0/AL2012/DEV.STD.PTHREAD/build/clang-7.0.1/lib/clang/7.0.1/crtend.o /usr/lib/gcc/x86_64-amazon-linux/7/../../../../lib64/crtn.o
gmake[1]: Leaving directory `/local/home/bowemi/.emacs.d/elpa/irony-20190125.1234/server/CMakeFiles/CMakeTmp'


Parsed CXX implicit link information from above output:
  link line regex: [^( *|.*[/\])(ld|CMAKE_LINK_STARTFILE-NOTFOUND|([^/\]+-)?ld|collect2)[^/\]*( |$)]
  ignore line: [Change Dir: /home/bowemi/.emacs.d/elpa/irony-20190125.1234/server/CMakeFiles/CMakeTmp]
  ignore line: []
  ignore line: [Run Build Command:"/usr/bin/gmake" "cmTC_7a0e8/fast"]
  ignore line: [/usr/bin/gmake -f CMakeFiles/cmTC_7a0e8.dir/build.make CMakeFiles/cmTC_7a0e8.dir/build]
  ignore line: [gmake[1]: Entering directory `/local/home/bowemi/.emacs.d/elpa/irony-20190125.1234/server/CMakeFiles/CMakeTmp']
  ignore line: [Building CXX object CMakeFiles/cmTC_7a0e8.dir/CMakeCXXCompilerABI.cpp.o]
  ignore line: [/workplace/bowemi/LabDaemon/env/LabBuildToolDeps-1.0/runtime/bin/c++     -o CMakeFiles/cmTC_7a0e8.dir/CMakeCXXCompilerABI.cpp.o -c /workplace/bowemi/LabDaemon/env/LabBuildToolDeps-1.0/runtime/share/cmake-3.12/Modules/CMakeCXXCompilerABI.cpp]
  ignore line: [Linking CXX executable cmTC_7a0e8]
  ignore line: [/workplace/bowemi/LabDaemon/env/LabBuildToolDeps-1.0/runtime/bin/cmake -E cmake_link_script CMakeFiles/cmTC_7a0e8.dir/link.txt --verbose=1]
  ignore line: [/workplace/bowemi/LabDaemon/env/LabBuildToolDeps-1.0/runtime/bin/c++      -v -rdynamic CMakeFiles/cmTC_7a0e8.dir/CMakeCXXCompilerABI.cpp.o  -o cmTC_7a0e8 ]
  ignore line: [clang version 7.0.1 (tags/RELEASE_701/final)]
  ignore line: [Target: x86_64-unknown-linux-gnu]
  ignore line: [Thread model: posix]
  ignore line: [InstalledDir: /workplace/bowemi/LabDaemon/env/LabBuildToolDeps-1.0/runtime/clang-7.0.1/bin]
  ignore line: [Found candidate GCC installation: /usr/lib/gcc/x86_64-amazon-linux/4.4.4]
  ignore line: [Found candidate GCC installation: /usr/lib/gcc/x86_64-amazon-linux/4.4.6]
  ignore line: [Found candidate GCC installation: /usr/lib/gcc/x86_64-amazon-linux/7]
  ignore line: [Selected GCC installation: /usr/lib/gcc/x86_64-amazon-linux/7]
  ignore line: [Candidate multilib: .]
  ignore line: [@m64]
  ignore line: [Selected multilib: .]
  ignore line: [@m64]
  link line: [ "/workplace/bowemi/LabDaemon/env/LabBuildToolDeps-1.0/runtime/clang-7.0.1/bin/ld.lld" -export-dynamic --hash-style=gnu --eh-frame-hdr -m elf_x86_64 -export-dynamic -dynamic-linker /lib64/ld-linux-x86-64.so.2 -o cmTC_7a0e8 /usr/lib/gcc/x86_64-amazon-linux/7/../../../../lib64/crt1.o /usr/lib/gcc/x86_64-amazon-linux/7/../../../../lib64/crti.o /local/home/bowemi/brazil-pkg-cache/packages/Clang/Clang-7.x.354.0/AL2012/DEV.STD.PTHREAD/build/clang-7.0.1/lib/clang/7.0.1/crtbegin.o -L/usr/lib/gcc/x86_64-amazon-linux/7 -L/usr/lib/gcc/x86_64-amazon-linux/7/../../../../lib64 -L/lib/../lib64 -L/usr/lib/../lib64 -L/usr/lib/gcc/x86_64-amazon-linux/7/../../.. -L/local/home/bowemi/brazil-pkg-cache/packages/Clang/Clang-7.x.354.0/AL2012/DEV.STD.PTHREAD/build/clang-7.0.1/bin/../lib -L/lib -L/usr/lib CMakeFiles/cmTC_7a0e8.dir/CMakeCXXCompilerABI.cpp.o -lc++ -lm /local/home/bowemi/brazil-pkg-cache/packages/Clang/Clang-7.x.354.0/AL2012/DEV.STD.PTHREAD/build/clang-7.0.1/lib/clang/7.0.1/lib/linux/libclang_rt.builtins-x86_64.a -lc /local/home/bowemi/brazil-pkg-cache/packages/Clang/Clang-7.x.354.0/AL2012/DEV.STD.PTHREAD/build/clang-7.0.1/lib/clang/7.0.1/lib/linux/libclang_rt.builtins-x86_64.a /local/home/bowemi/brazil-pkg-cache/packages/Clang/Clang-7.x.354.0/AL2012/DEV.STD.PTHREAD/build/clang-7.0.1/lib/clang/7.0.1/crtend.o /usr/lib/gcc/x86_64-amazon-linux/7/../../../../lib64/crtn.o]
    arg [/workplace/bowemi/LabDaemon/env/LabBuildToolDeps-1.0/runtime/clang-7.0.1/bin/ld.lld] ==> ignore
    arg [-export-dynamic] ==> ignore
    arg [--hash-style=gnu] ==> ignore
    arg [--eh-frame-hdr] ==> ignore
    arg [-m] ==> ignore
    arg [elf_x86_64] ==> ignore
    arg [-export-dynamic] ==> ignore
    arg [-dynamic-linker] ==> ignore
    arg [/lib64/ld-linux-x86-64.so.2] ==> ignore
    arg [-o] ==> ignore
    arg [cmTC_7a0e8] ==> ignore
    arg [/usr/lib/gcc/x86_64-amazon-linux/7/../../../../lib64/crt1.o] ==> ignore
    arg [/usr/lib/gcc/x86_64-amazon-linux/7/../../../../lib64/crti.o] ==> ignore
    arg [/local/home/bowemi/brazil-pkg-cache/packages/Clang/Clang-7.x.354.0/AL2012/DEV.STD.PTHREAD/build/clang-7.0.1/lib/clang/7.0.1/crtbegin.o] ==> ignore
    arg [-L/usr/lib/gcc/x86_64-amazon-linux/7] ==> dir [/usr/lib/gcc/x86_64-amazon-linux/7]
    arg [-L/usr/lib/gcc/x86_64-amazon-linux/7/../../../../lib64] ==> dir [/usr/lib/gcc/x86_64-amazon-linux/7/../../../../lib64]
    arg [-L/lib/../lib64] ==> dir [/lib/../lib64]
    arg [-L/usr/lib/../lib64] ==> dir [/usr/lib/../lib64]
    arg [-L/usr/lib/gcc/x86_64-amazon-linux/7/../../..] ==> dir [/usr/lib/gcc/x86_64-amazon-linux/7/../../..]
    arg [-L/local/home/bowemi/brazil-pkg-cache/packages/Clang/Clang-7.x.354.0/AL2012/DEV.STD.PTHREAD/build/clang-7.0.1/bin/../lib] ==> dir [/local/home/bowemi/brazil-pkg-cache/packages/Clang/Clang-7.x.354.0/AL2012/DEV.STD.PTHREAD/build/clang-7.0.1/bin/../lib]
    arg [-L/lib] ==> dir [/lib]
    arg [-L/usr/lib] ==> dir [/usr/lib]
    arg [CMakeFiles/cmTC_7a0e8.dir/CMakeCXXCompilerABI.cpp.o] ==> ignore
    arg [-lc++] ==> lib [c++]
    arg [-lm] ==> lib [m]
    arg [/local/home/bowemi/brazil-pkg-cache/packages/Clang/Clang-7.x.354.0/AL2012/DEV.STD.PTHREAD/build/clang-7.0.1/lib/clang/7.0.1/lib/linux/libclang_rt.builtins-x86_64.a] ==> lib [/local/home/bowemi/brazil-pkg-cache/packages/Clang/Clang-7.x.354.0/AL2012/DEV.STD.PTHREAD/build/clang-7.0.1/lib/clang/7.0.1/lib/linux/libclang_rt.builtins-x86_64.a]
    arg [-lc] ==> lib [c]
    arg [/local/home/bowemi/brazil-pkg-cache/packages/Clang/Clang-7.x.354.0/AL2012/DEV.STD.PTHREAD/build/clang-7.0.1/lib/clang/7.0.1/lib/linux/libclang_rt.builtins-x86_64.a] ==> lib [/local/home/bowemi/brazil-pkg-cache/packages/Clang/Clang-7.x.354.0/AL2012/DEV.STD.PTHREAD/build/clang-7.0.1/lib/clang/7.0.1/lib/linux/libclang_rt.builtins-x86_64.a]
    arg [/local/home/bowemi/brazil-pkg-cache/packages/Clang/Clang-7.x.354.0/AL2012/DEV.STD.PTHREAD/build/clang-7.0.1/lib/clang/7.0.1/crtend.o] ==> ignore
    arg [/usr/lib/gcc/x86_64-amazon-linux/7/../../../../lib64/crtn.o] ==> ignore
  remove lib [/local/home/bowemi/brazil-pkg-cache/packages/Clang/Clang-7.x.354.0/AL2012/DEV.STD.PTHREAD/build/clang-7.0.1/lib/clang/7.0.1/lib/linux/libclang_rt.builtins-x86_64.a]
  remove lib [/local/home/bowemi/brazil-pkg-cache/packages/Clang/Clang-7.x.354.0/AL2012/DEV.STD.PTHREAD/build/clang-7.0.1/lib/clang/7.0.1/lib/linux/libclang_rt.builtins-x86_64.a]
  collapse library dir [/usr/lib/gcc/x86_64-amazon-linux/7] ==> [/usr/lib/gcc/x86_64-amazon-linux/7]
  collapse library dir [/usr/lib/gcc/x86_64-amazon-linux/7/../../../../lib64] ==> [/usr/lib64]
  collapse library dir [/lib/../lib64] ==> [/lib64]
  collapse library dir [/usr/lib/../lib64] ==> [/usr/lib64]
  collapse library dir [/usr/lib/gcc/x86_64-amazon-linux/7/../../..] ==> [/usr/lib]
  collapse library dir [/local/home/bowemi/brazil-pkg-cache/packages/Clang/Clang-7.x.354.0/AL2012/DEV.STD.PTHREAD/build/clang-7.0.1/bin/../lib] ==> [/home/bowemi/brazil-pkg-cache/packages/Clang/Clang-7.x.354.0/AL2012/DEV.STD.PTHREAD/build/clang-7.0.1/lib]
  collapse library dir [/lib] ==> [/lib]
  collapse library dir [/usr/lib] ==> [/usr/lib]
  implicit libs: [c++;m;c]
  implicit dirs: [/usr/lib/gcc/x86_64-amazon-linux/7;/usr/lib64;/lib64;/usr/lib;/home/bowemi/brazil-pkg-cache/packages/Clang/Clang-7.x.354.0/AL2012/DEV.STD.PTHREAD/build/clang-7.0.1/lib;/lib]
  implicit fwks: []




Detecting CXX [-std=c++2a] compiler features compiled with the following output:
Change Dir: /home/bowemi/.emacs.d/elpa/irony-20190125.1234/server/CMakeFiles/CMakeTmp

Run Build Command:"/usr/bin/gmake" "cmTC_a35c6/fast"
/usr/bin/gmake -f CMakeFiles/cmTC_a35c6.dir/build.make CMakeFiles/cmTC_a35c6.dir/build
gmake[1]: Entering directory `/local/home/bowemi/.emacs.d/elpa/irony-20190125.1234/server/CMakeFiles/CMakeTmp'
Building CXX object CMakeFiles/cmTC_a35c6.dir/feature_tests.cxx.o
/workplace/bowemi/LabDaemon/env/LabBuildToolDeps-1.0/runtime/bin/c++    -std=c++2a -o CMakeFiles/cmTC_a35c6.dir/feature_tests.cxx.o -c /home/bowemi/.emacs.d/elpa/irony-20190125.1234/server/CMakeFiles/feature_tests.cxx
Linking CXX executable cmTC_a35c6
/workplace/bowemi/LabDaemon/env/LabBuildToolDeps-1.0/runtime/bin/cmake -E cmake_link_script CMakeFiles/cmTC_a35c6.dir/link.txt --verbose=1
/workplace/bowemi/LabDaemon/env/LabBuildToolDeps-1.0/runtime/bin/c++       -rdynamic CMakeFiles/cmTC_a35c6.dir/feature_tests.cxx.o  -o cmTC_a35c6 
gmake[1]: Leaving directory `/local/home/bowemi/.emacs.d/elpa/irony-20190125.1234/server/CMakeFiles/CMakeTmp'


    Feature record: CXX_FEATURE:1cxx_aggregate_default_initializers
    Feature record: CXX_FEATURE:1cxx_alias_templates
    Feature record: CXX_FEATURE:1cxx_alignas
    Feature record: CXX_FEATURE:1cxx_alignof
    Feature record: CXX_FEATURE:1cxx_attributes
    Feature record: CXX_FEATURE:1cxx_attribute_deprecated
    Feature record: CXX_FEATURE:1cxx_auto_type
    Feature record: CXX_FEATURE:1cxx_binary_literals
    Feature record: CXX_FEATURE:1cxx_constexpr
    Feature record: CXX_FEATURE:1cxx_contextual_conversions
    Feature record: CXX_FEATURE:1cxx_decltype
    Feature record: CXX_FEATURE:1cxx_decltype_auto
    Feature record: CXX_FEATURE:1cxx_decltype_incomplete_return_types
    Feature record: CXX_FEATURE:1cxx_default_function_template_args
    Feature record: CXX_FEATURE:1cxx_defaulted_functions
    Feature record: CXX_FEATURE:1cxx_defaulted_move_initializers
    Feature record: CXX_FEATURE:1cxx_delegating_constructors
    Feature record: CXX_FEATURE:1cxx_deleted_functions
    Feature record: CXX_FEATURE:1cxx_digit_separators
    Feature record: CXX_FEATURE:1cxx_enum_forward_declarations
    Feature record: CXX_FEATURE:1cxx_explicit_conversions
    Feature record: CXX_FEATURE:1cxx_extended_friend_declarations
    Feature record: CXX_FEATURE:1cxx_extern_templates
    Feature record: CXX_FEATURE:1cxx_final
    Feature record: CXX_FEATURE:1cxx_func_identifier
    Feature record: CXX_FEATURE:1cxx_generalized_initializers
    Feature record: CXX_FEATURE:1cxx_generic_lambdas
    Feature record: CXX_FEATURE:1cxx_inheriting_constructors
    Feature record: CXX_FEATURE:1cxx_inline_namespaces
    Feature record: CXX_FEATURE:1cxx_lambdas
    Feature record: CXX_FEATURE:1cxx_lambda_init_captures
    Feature record: CXX_FEATURE:1cxx_local_type_template_args
    Feature record: CXX_FEATURE:1cxx_long_long_type
    Feature record: CXX_FEATURE:1cxx_noexcept
    Feature record: CXX_FEATURE:1cxx_nonstatic_member_init
    Feature record: CXX_FEATURE:1cxx_nullptr
    Feature record: CXX_FEATURE:1cxx_override
    Feature record: CXX_FEATURE:1cxx_range_for
    Feature record: CXX_FEATURE:1cxx_raw_string_literals
    Feature record: CXX_FEATURE:1cxx_reference_qualified_functions
    Feature record: CXX_FEATURE:1cxx_relaxed_constexpr
    Feature record: CXX_FEATURE:1cxx_return_type_deduction
    Feature record: CXX_FEATURE:1cxx_right_angle_brackets
    Feature record: CXX_FEATURE:1cxx_rvalue_references
    Feature record: CXX_FEATURE:1cxx_sizeof_member
    Feature record: CXX_FEATURE:1cxx_static_assert
    Feature record: CXX_FEATURE:1cxx_strong_enums
    Feature record: CXX_FEATURE:1cxx_template_template_parameters
    Feature record: CXX_FEATURE:1cxx_thread_local
    Feature record: CXX_FEATURE:1cxx_trailing_return_types
    Feature record: CXX_FEATURE:1cxx_unicode_literals
    Feature record: CXX_FEATURE:1cxx_uniform_initialization
    Feature record: CXX_FEATURE:1cxx_unrestricted_unions
    Feature record: CXX_FEATURE:1cxx_user_literals
    Feature record: CXX_FEATURE:1cxx_variable_templates
    Feature record: CXX_FEATURE:1cxx_variadic_macros
    Feature record: CXX_FEATURE:1cxx_variadic_templates


Detecting CXX [-std=c++17] compiler features compiled with the following output:
Change Dir: /home/bowemi/.emacs.d/elpa/irony-20190125.1234/server/CMakeFiles/CMakeTmp

Run Build Command:"/usr/bin/gmake" "cmTC_ec0f2/fast"
/usr/bin/gmake -f CMakeFiles/cmTC_ec0f2.dir/build.make CMakeFiles/cmTC_ec0f2.dir/build
gmake[1]: Entering directory `/local/home/bowemi/.emacs.d/elpa/irony-20190125.1234/server/CMakeFiles/CMakeTmp'
Building CXX object CMakeFiles/cmTC_ec0f2.dir/feature_tests.cxx.o
/workplace/bowemi/LabDaemon/env/LabBuildToolDeps-1.0/runtime/bin/c++    -std=c++17 -o CMakeFiles/cmTC_ec0f2.dir/feature_tests.cxx.o -c /home/bowemi/.emacs.d/elpa/irony-20190125.1234/server/CMakeFiles/feature_tests.cxx
Linking CXX executable cmTC_ec0f2
/workplace/bowemi/LabDaemon/env/LabBuildToolDeps-1.0/runtime/bin/cmake -E cmake_link_script CMakeFiles/cmTC_ec0f2.dir/link.txt --verbose=1
/workplace/bowemi/LabDaemon/env/LabBuildToolDeps-1.0/runtime/bin/c++       -rdynamic CMakeFiles/cmTC_ec0f2.dir/feature_tests.cxx.o  -o cmTC_ec0f2 
gmake[1]: Leaving directory `/local/home/bowemi/.emacs.d/elpa/irony-20190125.1234/server/CMakeFiles/CMakeTmp'


    Feature record: CXX_FEATURE:1cxx_aggregate_default_initializers
    Feature record: CXX_FEATURE:1cxx_alias_templates
    Feature record: CXX_FEATURE:1cxx_alignas
    Feature record: CXX_FEATURE:1cxx_alignof
    Feature record: CXX_FEATURE:1cxx_attributes
    Feature record: CXX_FEATURE:1cxx_attribute_deprecated
    Feature record: CXX_FEATURE:1cxx_auto_type
    Feature record: CXX_FEATURE:1cxx_binary_literals
    Feature record: CXX_FEATURE:1cxx_constexpr
    Feature record: CXX_FEATURE:1cxx_contextual_conversions
    Feature record: CXX_FEATURE:1cxx_decltype
    Feature record: CXX_FEATURE:1cxx_decltype_auto
    Feature record: CXX_FEATURE:1cxx_decltype_incomplete_return_types
    Feature record: CXX_FEATURE:1cxx_default_function_template_args
    Feature record: CXX_FEATURE:1cxx_defaulted_functions
    Feature record: CXX_FEATURE:1cxx_defaulted_move_initializers
    Feature record: CXX_FEATURE:1cxx_delegating_constructors
    Feature record: CXX_FEATURE:1cxx_deleted_functions
    Feature record: CXX_FEATURE:1cxx_digit_separators
    Feature record: CXX_FEATURE:1cxx_enum_forward_declarations
    Feature record: CXX_FEATURE:1cxx_explicit_conversions
    Feature record: CXX_FEATURE:1cxx_extended_friend_declarations
    Feature record: CXX_FEATURE:1cxx_extern_templates
    Feature record: CXX_FEATURE:1cxx_final
    Feature record: CXX_FEATURE:1cxx_func_identifier
    Feature record: CXX_FEATURE:1cxx_generalized_initializers
    Feature record: CXX_FEATURE:1cxx_generic_lambdas
    Feature record: CXX_FEATURE:1cxx_inheriting_constructors
    Feature record: CXX_FEATURE:1cxx_inline_namespaces
    Feature record: CXX_FEATURE:1cxx_lambdas
    Feature record: CXX_FEATURE:1cxx_lambda_init_captures
    Feature record: CXX_FEATURE:1cxx_local_type_template_args
    Feature record: CXX_FEATURE:1cxx_long_long_type
    Feature record: CXX_FEATURE:1cxx_noexcept
    Feature record: CXX_FEATURE:1cxx_nonstatic_member_init
    Feature record: CXX_FEATURE:1cxx_nullptr
    Feature record: CXX_FEATURE:1cxx_override
    Feature record: CXX_FEATURE:1cxx_range_for
    Feature record: CXX_FEATURE:1cxx_raw_string_literals
    Feature record: CXX_FEATURE:1cxx_reference_qualified_functions
    Feature record: CXX_FEATURE:1cxx_relaxed_constexpr
    Feature record: CXX_FEATURE:1cxx_return_type_deduction
    Feature record: CXX_FEATURE:1cxx_right_angle_brackets
    Feature record: CXX_FEATURE:1cxx_rvalue_references
    Feature record: CXX_FEATURE:1cxx_sizeof_member
    Feature record: CXX_FEATURE:1cxx_static_assert
    Feature record: CXX_FEATURE:1cxx_strong_enums
    Feature record: CXX_FEATURE:1cxx_template_template_parameters
    Feature record: CXX_FEATURE:1cxx_thread_local
    Feature record: CXX_FEATURE:1cxx_trailing_return_types
    Feature record: CXX_FEATURE:1cxx_unicode_literals
    Feature record: CXX_FEATURE:1cxx_uniform_initialization
    Feature record: CXX_FEATURE:1cxx_unrestricted_unions
    Feature record: CXX_FEATURE:1cxx_user_literals
    Feature record: CXX_FEATURE:1cxx_variable_templates
    Feature record: CXX_FEATURE:1cxx_variadic_macros
    Feature record: CXX_FEATURE:1cxx_variadic_templates


Detecting CXX [-std=c++14] compiler features compiled with the following output:
Change Dir: /home/bowemi/.emacs.d/elpa/irony-20190125.1234/server/CMakeFiles/CMakeTmp

Run Build Command:"/usr/bin/gmake" "cmTC_6094e/fast"
/usr/bin/gmake -f CMakeFiles/cmTC_6094e.dir/build.make CMakeFiles/cmTC_6094e.dir/build
gmake[1]: Entering directory `/local/home/bowemi/.emacs.d/elpa/irony-20190125.1234/server/CMakeFiles/CMakeTmp'
Building CXX object CMakeFiles/cmTC_6094e.dir/feature_tests.cxx.o
/workplace/bowemi/LabDaemon/env/LabBuildToolDeps-1.0/runtime/bin/c++    -std=c++14 -o CMakeFiles/cmTC_6094e.dir/feature_tests.cxx.o -c /home/bowemi/.emacs.d/elpa/irony-20190125.1234/server/CMakeFiles/feature_tests.cxx
Linking CXX executable cmTC_6094e
/workplace/bowemi/LabDaemon/env/LabBuildToolDeps-1.0/runtime/bin/cmake -E cmake_link_script CMakeFiles/cmTC_6094e.dir/link.txt --verbose=1
/workplace/bowemi/LabDaemon/env/LabBuildToolDeps-1.0/runtime/bin/c++       -rdynamic CMakeFiles/cmTC_6094e.dir/feature_tests.cxx.o  -o cmTC_6094e 
gmake[1]: Leaving directory `/local/home/bowemi/.emacs.d/elpa/irony-20190125.1234/server/CMakeFiles/CMakeTmp'


    Feature record: CXX_FEATURE:1cxx_aggregate_default_initializers
    Feature record: CXX_FEATURE:1cxx_alias_templates
    Feature record: CXX_FEATURE:1cxx_alignas
    Feature record: CXX_FEATURE:1cxx_alignof
    Feature record: CXX_FEATURE:1cxx_attributes
    Feature record: CXX_FEATURE:1cxx_attribute_deprecated
    Feature record: CXX_FEATURE:1cxx_auto_type
    Feature record: CXX_FEATURE:1cxx_binary_literals
    Feature record: CXX_FEATURE:1cxx_constexpr
    Feature record: CXX_FEATURE:1cxx_contextual_conversions
    Feature record: CXX_FEATURE:1cxx_decltype
    Feature record: CXX_FEATURE:1cxx_decltype_auto
    Feature record: CXX_FEATURE:1cxx_decltype_incomplete_return_types
    Feature record: CXX_FEATURE:1cxx_default_function_template_args
    Feature record: CXX_FEATURE:1cxx_defaulted_functions
    Feature record: CXX_FEATURE:1cxx_defaulted_move_initializers
    Feature record: CXX_FEATURE:1cxx_delegating_constructors
    Feature record: CXX_FEATURE:1cxx_deleted_functions
    Feature record: CXX_FEATURE:1cxx_digit_separators
    Feature record: CXX_FEATURE:1cxx_enum_forward_declarations
    Feature record: CXX_FEATURE:1cxx_explicit_conversions
    Feature record: CXX_FEATURE:1cxx_extended_friend_declarations
    Feature record: CXX_FEATURE:1cxx_extern_templates
    Feature record: CXX_FEATURE:1cxx_final
    Feature record: CXX_FEATURE:1cxx_func_identifier
    Feature record: CXX_FEATURE:1cxx_generalized_initializers
    Feature record: CXX_FEATURE:1cxx_generic_lambdas
    Feature record: CXX_FEATURE:1cxx_inheriting_constructors
    Feature record: CXX_FEATURE:1cxx_inline_namespaces
    Feature record: CXX_FEATURE:1cxx_lambdas
    Feature record: CXX_FEATURE:1cxx_lambda_init_captures
    Feature record: CXX_FEATURE:1cxx_local_type_template_args
    Feature record: CXX_FEATURE:1cxx_long_long_type
    Feature record: CXX_FEATURE:1cxx_noexcept
    Feature record: CXX_FEATURE:1cxx_nonstatic_member_init
    Feature record: CXX_FEATURE:1cxx_nullptr
    Feature record: CXX_FEATURE:1cxx_override
    Feature record: CXX_FEATURE:1cxx_range_for
    Feature record: CXX_FEATURE:1cxx_raw_string_literals
    Feature record: CXX_FEATURE:1cxx_reference_qualified_functions
    Feature record: CXX_FEATURE:1cxx_relaxed_constexpr
    Feature record: CXX_FEATURE:1cxx_return_type_deduction
    Feature record: CXX_FEATURE:1cxx_right_angle_brackets
    Feature record: CXX_FEATURE:1cxx_rvalue_references
    Feature record: CXX_FEATURE:1cxx_sizeof_member
    Feature record: CXX_FEATURE:1cxx_static_assert
    Feature record: CXX_FEATURE:1cxx_strong_enums
    Feature record: CXX_FEATURE:1cxx_template_template_parameters
    Feature record: CXX_FEATURE:1cxx_thread_local
    Feature record: CXX_FEATURE:1cxx_trailing_return_types
    Feature record: CXX_FEATURE:1cxx_unicode_literals
    Feature record: CXX_FEATURE:1cxx_uniform_initialization
    Feature record: CXX_FEATURE:1cxx_unrestricted_unions
    Feature record: CXX_FEATURE:1cxx_user_literals
    Feature record: CXX_FEATURE:1cxx_variable_templates
    Feature record: CXX_FEATURE:1cxx_variadic_macros
    Feature record: CXX_FEATURE:1cxx_variadic_templates


Detecting CXX [-std=c++11] compiler features compiled with the following output:
Change Dir: /home/bowemi/.emacs.d/elpa/irony-20190125.1234/server/CMakeFiles/CMakeTmp

Run Build Command:"/usr/bin/gmake" "cmTC_67860/fast"
/usr/bin/gmake -f CMakeFiles/cmTC_67860.dir/build.make CMakeFiles/cmTC_67860.dir/build
gmake[1]: Entering directory `/local/home/bowemi/.emacs.d/elpa/irony-20190125.1234/server/CMakeFiles/CMakeTmp'
Building CXX object CMakeFiles/cmTC_67860.dir/feature_tests.cxx.o
/workplace/bowemi/LabDaemon/env/LabBuildToolDeps-1.0/runtime/bin/c++    -std=c++11 -o CMakeFiles/cmTC_67860.dir/feature_tests.cxx.o -c /home/bowemi/.emacs.d/elpa/irony-20190125.1234/server/CMakeFiles/feature_tests.cxx
Linking CXX executable cmTC_67860
/workplace/bowemi/LabDaemon/env/LabBuildToolDeps-1.0/runtime/bin/cmake -E cmake_link_script CMakeFiles/cmTC_67860.dir/link.txt --verbose=1
/workplace/bowemi/LabDaemon/env/LabBuildToolDeps-1.0/runtime/bin/c++       -rdynamic CMakeFiles/cmTC_67860.dir/feature_tests.cxx.o  -o cmTC_67860 
gmake[1]: Leaving directory `/local/home/bowemi/.emacs.d/elpa/irony-20190125.1234/server/CMakeFiles/CMakeTmp'


    Feature record: CXX_FEATURE:0cxx_aggregate_default_initializers
    Feature record: CXX_FEATURE:1cxx_alias_templates
    Feature record: CXX_FEATURE:1cxx_alignas
    Feature record: CXX_FEATURE:1cxx_alignof
    Feature record: CXX_FEATURE:1cxx_attributes
    Feature record: CXX_FEATURE:0cxx_attribute_deprecated
    Feature record: CXX_FEATURE:1cxx_auto_type
    Feature record: CXX_FEATURE:0cxx_binary_literals
    Feature record: CXX_FEATURE:1cxx_constexpr
    Feature record: CXX_FEATURE:0cxx_contextual_conversions
    Feature record: CXX_FEATURE:1cxx_decltype
    Feature record: CXX_FEATURE:0cxx_decltype_auto
    Feature record: CXX_FEATURE:1cxx_decltype_incomplete_return_types
    Feature record: CXX_FEATURE:1cxx_default_function_template_args
    Feature record: CXX_FEATURE:1cxx_defaulted_functions
    Feature record: CXX_FEATURE:1cxx_defaulted_move_initializers
    Feature record: CXX_FEATURE:1cxx_delegating_constructors
    Feature record: CXX_FEATURE:1cxx_deleted_functions
    Feature record: CXX_FEATURE:0cxx_digit_separators
    Feature record: CXX_FEATURE:1cxx_enum_forward_declarations
    Feature record: CXX_FEATURE:1cxx_explicit_conversions
    Feature record: CXX_FEATURE:1cxx_extended_friend_declarations
    Feature record: CXX_FEATURE:1cxx_extern_templates
    Feature record: CXX_FEATURE:1cxx_final
    Feature record: CXX_FEATURE:1cxx_func_identifier
    Feature record: CXX_FEATURE:1cxx_generalized_initializers
    Feature record: CXX_FEATURE:0cxx_generic_lambdas
    Feature record: CXX_FEATURE:1cxx_inheriting_constructors
    Feature record: CXX_FEATURE:1cxx_inline_namespaces
    Feature record: CXX_FEATURE:1cxx_lambdas
    Feature record: CXX_FEATURE:0cxx_lambda_init_captures
    Feature record: CXX_FEATURE:1cxx_local_type_template_args
    Feature record: CXX_FEATURE:1cxx_long_long_type
    Feature record: CXX_FEATURE:1cxx_noexcept
    Feature record: CXX_FEATURE:1cxx_nonstatic_member_init
    Feature record: CXX_FEATURE:1cxx_nullptr
    Feature record: CXX_FEATURE:1cxx_override
    Feature record: CXX_FEATURE:1cxx_range_for
    Feature record: CXX_FEATURE:1cxx_raw_string_literals
    Feature record: CXX_FEATURE:1cxx_reference_qualified_functions
    Feature record: CXX_FEATURE:0cxx_relaxed_constexpr
    Feature record: CXX_FEATURE:0cxx_return_type_deduction
    Feature record: CXX_FEATURE:1cxx_right_angle_brackets
    Feature record: CXX_FEATURE:1cxx_rvalue_references
    Feature record: CXX_FEATURE:1cxx_sizeof_member
    Feature record: CXX_FEATURE:1cxx_static_assert
    Feature record: CXX_FEATURE:1cxx_strong_enums
    Feature record: CXX_FEATURE:1cxx_template_template_parameters
    Feature record: CXX_FEATURE:1cxx_thread_local
    Feature record: CXX_FEATURE:1cxx_trailing_return_types
    Feature record: CXX_FEATURE:1cxx_unicode_literals
    Feature record: CXX_FEATURE:1cxx_uniform_initialization
    Feature record: CXX_FEATURE:1cxx_unrestricted_unions
    Feature record: CXX_FEATURE:1cxx_user_literals
    Feature record: CXX_FEATURE:0cxx_variable_templates
    Feature record: CXX_FEATURE:1cxx_variadic_macros
    Feature record: CXX_FEATURE:1cxx_variadic_templates


Detecting CXX [-std=c++98] compiler features compiled with the following output:
Change Dir: /home/bowemi/.emacs.d/elpa/irony-20190125.1234/server/CMakeFiles/CMakeTmp

Run Build Command:"/usr/bin/gmake" "cmTC_49156/fast"
/usr/bin/gmake -f CMakeFiles/cmTC_49156.dir/build.make CMakeFiles/cmTC_49156.dir/build
gmake[1]: Entering directory `/local/home/bowemi/.emacs.d/elpa/irony-20190125.1234/server/CMakeFiles/CMakeTmp'
Building CXX object CMakeFiles/cmTC_49156.dir/feature_tests.cxx.o
/workplace/bowemi/LabDaemon/env/LabBuildToolDeps-1.0/runtime/bin/c++    -std=c++98 -o CMakeFiles/cmTC_49156.dir/feature_tests.cxx.o -c /home/bowemi/.emacs.d/elpa/irony-20190125.1234/server/CMakeFiles/feature_tests.cxx
Linking CXX executable cmTC_49156
/workplace/bowemi/LabDaemon/env/LabBuildToolDeps-1.0/runtime/bin/cmake -E cmake_link_script CMakeFiles/cmTC_49156.dir/link.txt --verbose=1
/workplace/bowemi/LabDaemon/env/LabBuildToolDeps-1.0/runtime/bin/c++       -rdynamic CMakeFiles/cmTC_49156.dir/feature_tests.cxx.o  -o cmTC_49156 
gmake[1]: Leaving directory `/local/home/bowemi/.emacs.d/elpa/irony-20190125.1234/server/CMakeFiles/CMakeTmp'


    Feature record: CXX_FEATURE:0cxx_aggregate_default_initializers
    Feature record: CXX_FEATURE:0cxx_alias_templates
    Feature record: CXX_FEATURE:0cxx_alignas
    Feature record: CXX_FEATURE:0cxx_alignof
    Feature record: CXX_FEATURE:0cxx_attributes
    Feature record: CXX_FEATURE:0cxx_attribute_deprecated
    Feature record: CXX_FEATURE:0cxx_auto_type
    Feature record: CXX_FEATURE:0cxx_binary_literals
    Feature record: CXX_FEATURE:0cxx_constexpr
    Feature record: CXX_FEATURE:0cxx_contextual_conversions
    Feature record: CXX_FEATURE:0cxx_decltype
    Feature record: CXX_FEATURE:0cxx_decltype_auto
    Feature record: CXX_FEATURE:0cxx_decltype_incomplete_return_types
    Feature record: CXX_FEATURE:0cxx_default_function_template_args
    Feature record: CXX_FEATURE:0cxx_defaulted_functions
    Feature record: CXX_FEATURE:0cxx_defaulted_move_initializers
    Feature record: CXX_FEATURE:0cxx_delegating_constructors
    Feature record: CXX_FEATURE:0cxx_deleted_functions
    Feature record: CXX_FEATURE:0cxx_digit_separators
    Feature record: CXX_FEATURE:0cxx_enum_forward_declarations
    Feature record: CXX_FEATURE:0cxx_explicit_conversions
    Feature record: CXX_FEATURE:0cxx_extended_friend_declarations
    Feature record: CXX_FEATURE:0cxx_extern_templates
    Feature record: CXX_FEATURE:0cxx_final
    Feature record: CXX_FEATURE:0cxx_func_identifier
    Feature record: CXX_FEATURE:0cxx_generalized_initializers
    Feature record: CXX_FEATURE:0cxx_generic_lambdas
    Feature record: CXX_FEATURE:0cxx_inheriting_constructors
    Feature record: CXX_FEATURE:0cxx_inline_namespaces
    Feature record: CXX_FEATURE:0cxx_lambdas
    Feature record: CXX_FEATURE:0cxx_lambda_init_captures
    Feature record: CXX_FEATURE:0cxx_local_type_template_args
    Feature record: CXX_FEATURE:0cxx_long_long_type
    Feature record: CXX_FEATURE:0cxx_noexcept
    Feature record: CXX_FEATURE:0cxx_nonstatic_member_init
    Feature record: CXX_FEATURE:0cxx_nullptr
    Feature record: CXX_FEATURE:0cxx_override
    Feature record: CXX_FEATURE:0cxx_range_for
    Feature record: CXX_FEATURE:0cxx_raw_string_literals
    Feature record: CXX_FEATURE:0cxx_reference_qualified_functions
    Feature record: CXX_FEATURE:0cxx_relaxed_constexpr
    Feature record: CXX_FEATURE:0cxx_return_type_deduction
    Feature record: CXX_FEATURE:0cxx_right_angle_brackets
    Feature record: CXX_FEATURE:0cxx_rvalue_references
    Feature record: CXX_FEATURE:0cxx_sizeof_member
    Feature record: CXX_FEATURE:0cxx_static_assert
    Feature record: CXX_FEATURE:0cxx_strong_enums
    Feature record: CXX_FEATURE:1cxx_template_template_parameters
    Feature record: CXX_FEATURE:0cxx_thread_local
    Feature record: CXX_FEATURE:0cxx_trailing_return_types
    Feature record: CXX_FEATURE:0cxx_unicode_literals
    Feature record: CXX_FEATURE:0cxx_uniform_initialization
    Feature record: CXX_FEATURE:0cxx_unrestricted_unions
    Feature record: CXX_FEATURE:0cxx_user_literals
    Feature record: CXX_FEATURE:0cxx_variable_templates
    Feature record: CXX_FEATURE:0cxx_variadic_macros
    Feature record: CXX_FEATURE:0cxx_variadic_templates
